<?xml version="1.0" encoding="UTF-8"?>
<testng-results skipped="0" failed="0" ignored="0" total="1" passed="1">
  <reporter-output>
  </reporter-output>
  <suite name="Gradle suite" duration-ms="6357" started-at="2019-03-25T05:00:21Z" finished-at="2019-03-25T05:00:27Z">
    <groups>
    </groups>
    <test name="Gradle test" duration-ms="6357" started-at="2019-03-25T05:00:21Z" finished-at="2019-03-25T05:00:27Z">
      <class name="SeleniumTest">
        <test-method status="PASS" signature="openBrowser()[pri:0, instance:SeleniumTest@71a484a0]" name="openBrowser" is-config="true" duration-ms="4817" started-at="2019-03-25T05:00:21Z" finished-at="2019-03-25T05:00:26Z">
          <reporter-output>
          </reporter-output>
        </test-method> <!-- openBrowser -->
        <test-method status="PASS" signature="browserTest()[pri:0, instance:SeleniumTest@71a484a0]" name="browserTest" duration-ms="1417" started-at="2019-03-25T05:00:26Z" finished-at="2019-03-25T05:00:27Z">
          <reporter-output>
          </reporter-output>
        </test-method> <!-- browserTest -->
        <test-method status="PASS" signature="closeBrowser()[pri:0, instance:SeleniumTest@71a484a0]" name="closeBrowser" is-config="true" duration-ms="97" started-at="2019-03-25T05:00:27Z" finished-at="2019-03-25T05:00:27Z">
          <reporter-output>
          </reporter-output>
        </test-method> <!-- closeBrowser -->
      </class> <!-- SeleniumTest -->
    </test> <!-- Gradle test -->
  </suite> <!-- Gradle suite -->
</testng-results>
